<?xml version="1.0" encoding="UTF-8"?>
<testng-results skipped="0" failed="0" ignored="0" total="1" passed="1">
  <reporter-output>
  </reporter-output>
  <suite name="Default suite" duration-ms="2035" started-at="2020-04-12T14:33:15Z" finished-at="2020-04-12T14:33:17Z">
    <groups>
    </groups>
    <test name="Default test" duration-ms="2035" started-at="2020-04-12T14:33:15Z" finished-at="2020-04-12T14:33:17Z">
      <class name="getRequest.GetData">
        <test-method status="PASS" signature="testResponseCode()[pri:0, instance:getRequest.GetData@4f933fd1]" name="testResponseCode" duration-ms="2017" started-at="2020-04-12T14:33:15Z" finished-at="2020-04-12T14:33:17Z">
          <reporter-output>
          </reporter-output>
        </test-method> <!-- testResponseCode -->
      </class> <!-- getRequest.GetData -->
    </test> <!-- Default test -->
  </suite> <!-- Default suite -->
</testng-results>
