<?xml version="1.0" encoding="UTF-8"?>
<testng-results skipped="0" failed="0" ignored="0" total="1" passed="1">
  <reporter-output>
  </reporter-output>
  <suite name="Default suite" duration-ms="2105" started-at="2019-06-12T07:24:20Z" finished-at="2019-06-12T07:24:22Z">
    <groups>
    </groups>
    <test name="Default test" duration-ms="2105" started-at="2019-06-12T07:24:20Z" finished-at="2019-06-12T07:24:22Z">
      <class name="getRequest.GetData">
        <test-method status="PASS" signature="testResponseCode()[pri:0, instance:getRequest.GetData@735b5592]" name="testResponseCode" duration-ms="2079" started-at="2019-06-12T07:24:20Z" finished-at="2019-06-12T07:24:22Z">
          <reporter-output>
          </reporter-output>
        </test-method> <!-- testResponseCode -->
      </class> <!-- getRequest.GetData -->
    </test> <!-- Default test -->
  </suite> <!-- Default suite -->
</testng-results>
